<?xml version="1.0" encoding="UTF-8"?>
<coverage generated="1537778490">
  <project timestamp="1537778490">
    <package name="LordDashMe\BrownbagPHPPackage">
      <file name="/var/www/site/src/SampleClass.php">
        <class name="SampleClass" namespace="LordDashMe\BrownbagPHPPackage">
          <metrics complexity="1" methods="1" coveredmethods="1" conditionals="0" coveredconditionals="0" statements="1" coveredstatements="1" elements="2" coveredelements="2"/>
        </class>
        <line num="7" type="method" name="add" visibility="public" complexity="1" crap="1" count="1"/>
        <line num="9" type="stmt" count="1"/>
        <metrics loc="10" ncloc="10" classes="1" methods="1" coveredmethods="1" conditionals="0" coveredconditionals="0" statements="1" coveredstatements="1" elements="2" coveredelements="2"/>
      </file>
    </package>
    <metrics files="1" loc="10" ncloc="10" classes="1" methods="1" coveredmethods="1" conditionals="0" coveredconditionals="0" statements="1" coveredstatements="1" elements="2" coveredelements="2"/>
  </project>
</coverage>
